<?xml version="1.0" encoding="UTF-8"?>
<!-- Generated by org.testng.reporters.JUnitReportReporter -->
<testsuite skipped="0" hostname="DESKTOP-5T03LQ5" name="com.XYZBank.testscripts.CustomersPageTest" tests="1" failures="0" timestamp="2022-12-11T10:04:45 IST" time="21.641" errors="0">
  <testcase name="DeleteCustomer" time="21.641" classname="com.XYZBank.testscripts.CustomersPageTest"/>
  <system-out/>
</testsuite> <!-- com.XYZBank.testscripts.CustomersPageTest -->
