<?xml version="1.0" encoding="UTF-8"?>
<!-- Generated by org.testng.reporters.JUnitReportReporter -->
<testsuite skipped="0" hostname="DESKTOP-5T03LQ5" name="com.XYZBank.testscripts.OpenAccountTestPage" tests="1" failures="0" timestamp="2022-12-11T10:58:37 IST" time="48.441" errors="0">
  <testcase name="openCustomerAccount" time="48.441" classname="com.XYZBank.testscripts.OpenAccountTestPage"/>
  <system-out/>
</testsuite> <!-- com.XYZBank.testscripts.OpenAccountTestPage -->
