<?xml version="1.0" encoding="UTF-8"?>
<!-- Generated by org.testng.reporters.JUnitReportReporter -->
<testsuite skipped="0" hostname="DESKTOP-5T03LQ5" name="com.XYZBank.testscripts.HomePageTest" tests="1" failures="0" timestamp="2022-12-11T08:49:02 IST" time="74.226" errors="0">
  <testcase name="bankManagerLoginBtn" time="74.226" classname="com.XYZBank.testscripts.HomePageTest"/>
  <system-out/>
</testsuite> <!-- com.XYZBank.testscripts.HomePageTest -->
