<?xml version="1.0" encoding="UTF-8"?>
<!-- Generated by org.testng.reporters.JUnitReportReporter -->
<testsuite skipped="0" hostname="DESKTOP-5T03LQ5" name="com.XYZBank.testscripts.BankManagerLoginPageTest" tests="2" failures="0" timestamp="2022-12-01T15:52:12 IST" time="122.802" errors="0">
  <testcase name="addACustomer" time="100.992" classname="com.XYZBank.testscripts.BankManagerLoginPageTest"/>
  <system-out/>
  <testcase name="addACustomer" time="21.810" classname="com.XYZBank.testscripts.BankManagerLoginPageTest"/>
  <system-out/>
</testsuite> <!-- com.XYZBank.testscripts.BankManagerLoginPageTest -->
